<?xml version="1.0" encoding="UTF-8"?>
<!-- Generated by org.testng.reporters.JUnitReportReporter -->
<testsuite hostname="DESKTOP-9GIQDKD" failures="0" tests="1" name="testcases.LoginTest" time="5.013" errors="0" timestamp="2023-04-07T10:41:49 IST" skipped="0">
  <testcase classname="testcases.LoginTest" name="LoginOperation" time="5.013"/>
  <system-out/>
</testsuite> <!-- testcases.LoginTest -->
