<?xml version="1.0" encoding="UTF-8"?>
<!-- Generated by org.testng.reporters.JUnitReportReporter -->
<testsuite hostname="DESKTOP-9GIQDKD" failures="0" tests="1" name="testcases.SignupTest" time="5.682" errors="0" timestamp="2023-03-27T19:08:57 IST" skipped="0">
  <testcase classname="testcases.SignupTest" name="SignupOperation" time="5.682"/>
  <system-out/>
</testsuite> <!-- testcases.SignupTest -->
