<?xml version="1.0" encoding="UTF-8"?>
<!-- Generated by org.testng.reporters.JUnitReportReporter -->
<testsuite hostname="DESKTOP-9GIQDKD" failures="0" tests="1" name="testcases.LoginTest" time="6.002" errors="0" timestamp="2023-03-24T22:56:54 IST" skipped="0">
  <testcase classname="testcases.LoginTest" name="LoginOperation" time="6.002"/>
  <system-out/>
</testsuite> <!-- testcases.LoginTest -->
