<?xml version="1.0" encoding="UTF-8"?>
<!-- Generated by org.testng.reporters.JUnitReportReporter -->
<testsuite hostname="DESKTOP-9GIQDKD" failures="0" tests="1" name="testcases.AddcartTest" time="9.077" errors="0" timestamp="2023-04-07T10:41:49 IST" skipped="0">
  <testcase classname="testcases.AddcartTest" name="Addproductoperation" time="9.077"/>
  <system-out/>
</testsuite> <!-- testcases.AddcartTest -->
