<?xml version="1.0" encoding="UTF-8"?>
<!-- Generated by org.testng.reporters.JUnitReportReporter -->
<testsuite hostname="DESKTOP-9GIQDKD" failures="0" tests="1" name="testcases.AddcartTest" time="9.526" errors="0" timestamp="2023-03-27T19:20:38 IST" skipped="0">
  <testcase classname="testcases.AddcartTest" name="Addproductoperation" time="9.526"/>
  <system-out/>
</testsuite> <!-- testcases.AddcartTest -->
