<?xml version="1.0" encoding="UTF-8"?>
<!-- Generated by org.testng.reporters.JUnitReportReporter -->
<testsuite hostname="DESKTOP-9GIQDKD" failures="0" tests="1" name="testcases.SignupTest" time="7.461" errors="0" timestamp="2023-04-01T10:37:07 IST" skipped="0">
  <testcase classname="testcases.SignupTest" name="SignupOperation" time="7.461"/>
  <system-out/>
</testsuite> <!-- testcases.SignupTest -->
