<?xml version="1.0" encoding="UTF-8"?>
<!-- Generated by org.testng.reporters.JUnitReportReporter -->
<testsuite hostname="DESKTOP-9GIQDKD" failures="0" tests="1" name="testcases.LoginTest" time="5.155" errors="0" timestamp="2023-03-27T10:06:14 IST" skipped="0">
  <testcase classname="testcases.LoginTest" name="LoginOperation" time="5.155"/>
  <system-out/>
</testsuite> <!-- testcases.LoginTest -->
